<?xml version="1.0" encoding="UTF-8"?>
<!-- Generated by org.testng.reporters.JUnitReportReporter -->
<testsuite skipped="0" hostname="Alchemy-01" name="org.alchemy.testcases.HomePageTest" tests="1" failures="0" timestamp="27 Jul 2018 11:09:17 GMT" time="14.723" errors="0">
  <testcase name="groupNamesOptionsTest" time="14.723" classname="org.alchemy.testcases.HomePageTest"/>
</testsuite> <!-- org.alchemy.testcases.HomePageTest -->
