<?xml version="1.0" encoding="UTF-8"?>
<!-- Generated by org.testng.reporters.JUnitReportReporter -->
<testsuite skipped="0" hostname="Alchemy-01" name="org.alchemy.testcases.LoginPageTest" tests="4" failures="0" timestamp="26 Jul 2018 07:07:50 GMT" time="26.284" errors="0">
  <testcase name="loginPageTitleTest" time="5.600" classname="org.alchemy.testcases.LoginPageTest"/>
  <testcase name="loginTest" time="7.208" classname="org.alchemy.testcases.LoginPageTest"/>
  <testcase name="validateDigiSystemImageTest" time="7.724" classname="org.alchemy.testcases.LoginPageTest"/>
  <testcase name="validateAPLableTest" time="5.752" classname="org.alchemy.testcases.LoginPageTest"/>
</testsuite> <!-- org.alchemy.testcases.LoginPageTest -->
