<?xml version="1.0" encoding="UTF-8"?>
<!-- Generated by org.testng.reporters.JUnitReportReporter -->
<testsuite skipped="0" hostname="Alchemy-01" name="org.alchemy.testcases.HomePageTest" tests="4" failures="0" timestamp="21 Jul 2018 13:09:56 GMT" time="74.866" errors="0">
  <testcase name="verifyHomePageTitleTest" time="14.281" classname="org.alchemy.testcases.HomePageTest"/>
  <testcase name="verifyCorrectUserNameTest" time="15.229" classname="org.alchemy.testcases.HomePageTest"/>
  <testcase name="verifyclickOnUserManagementTest" time="31.093" classname="org.alchemy.testcases.HomePageTest"/>
  <testcase name="verifyClickOnNewUserRecordTest" time="14.263" classname="org.alchemy.testcases.HomePageTest"/>
</testsuite> <!-- org.alchemy.testcases.HomePageTest -->
