<?xml version="1.0" encoding="UTF-8"?>
<!-- Generated by org.testng.reporters.JUnitReportReporter -->
<testsuite skipped="0" hostname="Alchemy-01" name="org.alchemy.testcases.HomePageTest" tests="1" failures="0" timestamp="26 Jul 2018 07:28:50 GMT" time="7.211" errors="0">
  <testcase name="verifyHomePageTitleTest" time="7.211" classname="org.alchemy.testcases.HomePageTest"/>
</testsuite> <!-- org.alchemy.testcases.HomePageTest -->
