<?xml version="1.0" encoding="UTF-8"?>
<!-- Generated by org.testng.reporters.JUnitReportReporter -->
<testsuite skipped="0" hostname="Alchemy-01" name="org.alchemy.testcases.LoginPageTest" tests="4" failures="0" timestamp="21 Jul 2018 12:25:33 GMT" time="23.073" errors="0">
  <testcase name="loginPageTitleTest" time="5.382" classname="org.alchemy.testcases.LoginPageTest"/>
  <testcase name="loginTest" time="6.579" classname="org.alchemy.testcases.LoginPageTest"/>
  <testcase name="validateDigiSystemImageTest" time="5.397" classname="org.alchemy.testcases.LoginPageTest"/>
  <testcase name="validateAPLableTest" time="5.715" classname="org.alchemy.testcases.LoginPageTest"/>
</testsuite> <!-- org.alchemy.testcases.LoginPageTest -->
