<?xml version="1.0" encoding="UTF-8"?>
<!-- Generated by org.testng.reporters.JUnitReportReporter -->
<testsuite skipped="0" hostname="Alchemy-01" name="org.alchemy.testcases.HomePageTest" tests="2" failures="0" timestamp="21 Jul 2018 12:12:42 GMT" time="20.752" errors="0">
  <testcase name="verifyHomePageTitleTest" time="6.097" classname="org.alchemy.testcases.HomePageTest"/>
  <testcase name="verifyCorrectUserNameTest" time="14.655" classname="org.alchemy.testcases.HomePageTest"/>
</testsuite> <!-- org.alchemy.testcases.HomePageTest -->
