<?xml version="1.0" encoding="UTF-8"?>
<!-- Generated by org.testng.reporters.JUnitReportReporter -->
<testsuite skipped="0" hostname="Alchemy-01" name="org.alchemy.testcases.LoginPageTest" tests="3" failures="0" timestamp="21 Jul 2018 12:12:42 GMT" time="41.011" errors="0">
  <testcase name="loginPageTitleTest" time="6.774" classname="org.alchemy.testcases.LoginPageTest"/>
  <testcase name="loginTest" time="20.606" classname="org.alchemy.testcases.LoginPageTest"/>
  <testcase name="validateDigiSystemImageTest" time="13.631" classname="org.alchemy.testcases.LoginPageTest"/>
</testsuite> <!-- org.alchemy.testcases.LoginPageTest -->
